#
# There is insufficient memory for the Java Runtime Environment to continue.
# Native memory allocation (mmap) failed to map 132120576 bytes for G1 virtual space
# Possible reasons:
#   The system is out of physical RAM or swap space
#   The process is running with CompressedOops enabled, and the Java Heap may be blocking the growth of the native heap
# Possible solutions:
#   Reduce memory load on the system
#   Increase physical memory or swap space
#   Check if swap backing store is full
#   Decrease Java heap size (-Xmx/-Xms)
#   Decrease number of Java threads
#   Decrease Java thread stack sizes (-Xss)
#   Set larger code cache with -XX:ReservedCodeCacheSize=
#   JVM is running with Unscaled Compressed Oops mode in which the Java heap is
#     placed in the first 4GB address space. The Java Heap base address is the
#     maximum limit for the native heap growth. Please use -XX:HeapBaseMinAddress
#     to set the Java Heap base and to place the Java Heap above 4GB virtual address.
# This output file may be truncated or incomplete.
#
#  Out of Memory Error (os_windows.cpp:3469), pid=15484, tid=6204
#
# JRE version:  (17.0.1+12) (build )
# Java VM: Java HotSpot(TM) 64-Bit Server VM (17.0.1+12-LTS-39, mixed mode, emulated-client, sharing, tiered, compressed oops, compressed class ptrs, g1 gc, windows-amd64)
# No core dump will be written. Minidumps are not enabled by default on client versions of Windows
#

---------------  S U M M A R Y ------------

Command Line: -XX:TieredStopAtLevel=1 -Dspring.output.ansi.enabled=always -Dcom.sun.management.jmxremote -Dspring.jmx.enabled=true -Dspring.liveBeansView.mbeanDomain -Dspring.application.admin.enabled=true -Dmanagement.endpoints.jmx.exposure.include=* -javaagent:C:\Program Files\JetBrains\IntelliJ IDEA 2022.3.2\lib\idea_rt.jar=63770:C:\Program Files\JetBrains\IntelliJ IDEA 2022.3.2\bin -Dfile.encoding=UTF-8 com.esprit.pidev.PidevApplication

Host: Intel(R) Core(TM) i5-10300H CPU @ 2.50GHz, 8 cores, 7G,  Windows 10 , 64 bit Build 22621 (10.0.22621.1485)
Time: Sun Apr 23 22:18:45 2023 W. Central Africa Standard Time elapsed time: 0.022931 seconds (0d 0h 0m 0s)

---------------  T H R E A D  ---------------

Current thread (0x000001b63ca5bbe0):  JavaThread "Unknown thread" [_thread_in_vm, id=6204, stack(0x0000008f6dc00000,0x0000008f6dd00000)]

Stack: [0x0000008f6dc00000,0x0000008f6dd00000]
Native frames: (J=compiled Java code, j=interpreted, Vv=VM code, C=native code)
V  [jvm.dll+0x66fa1a]
V  [jvm.dll+0x7ce5a4]
V  [jvm.dll+0x7cfd4e]
V  [jvm.dll+0x7d03b3]
V  [jvm.dll+0x242b05]
V  [jvm.dll+0x66ca39]
V  [jvm.dll+0x661502]
V  [jvm.dll+0x30081b]
V  [jvm.dll+0x307da6]
V  [jvm.dll+0x357a1e]
V  [jvm.dll+0x357c4f]
V  [jvm.dll+0x2d7ad8]
V  [jvm.dll+0x2d8a44]
V  [jvm.dll+0x7a01e1]
V  [jvm.dll+0x365791]
V  [jvm.dll+0x77f6cc]
V  [jvm.dll+0x3e812f]
V  [jvm.dll+0x3e9bd1]
C  [jli.dll+0x527b]
C  [ucrtbase.dll+0x29363]
C  [KERNEL32.DLL+0x1269d]
C  [ntdll.dll+0x5a9f8]


---------------  P R O C E S S  ---------------

Threads class SMR info:
_java_thread_list=0x00007ffbbea67818, length=0, elements={
}

Java Threads: ( => current thread )

Other Threads:
  0x000001b63ca98fe0 GCTaskThread "GC Thread#0" [stack: 0x0000008f6dd00000,0x0000008f6de00000] [id=1520]
  0x000001b63caa99a0 ConcurrentGCThread "G1 Main Marker" [stack: 0x0000008f6de00000,0x0000008f6df00000] [id=6508]
  0x000001b63caab3c0 ConcurrentGCThread "G1 Conc#0" [stack: 0x0000008f6df00000,0x0000008f6e000000] [id=11692]

[error occurred during error reporting (printing all threads), id 0xc0000005, EXCEPTION_ACCESS_VIOLATION (0xc0000005) at pc=0x00007ffbbe2b84b7]

VM state: not at safepoint (not fully initialized)

VM Mutex/Monitor currently owned by a thread:  ([mutex/lock_event])
[0x000001b63ca568e0] Heap_lock - owner thread: 0x000001b63ca5bbe0

Heap address: 0x0000000082c00000, size: 2004 MB, Compressed Oops mode: 32-bit

CDS archive(s) mapped at: [0x0000000000000000-0x0000000000000000-0x0000000000000000), size 0, SharedBaseAddress: 0x0000000800000000, ArchiveRelocationMode: 0.
Narrow klass base: 0x0000000000000000, Narrow klass shift: 0, Narrow klass range: 0x0

GC Precious Log:
<Empty>

Heap:
 garbage-first heap   total 0K, used 0K [0x0000000082c00000, 0x0000000100000000)
  region size 1024K, 0 young (0K), 0 survivors (0K)

[error occurred during error reporting (printing heap information), id 0xc0000005, EXCEPTION_ACCESS_VIOLATION (0xc0000005) at pc=0x00007ffbbe698d89]

GC Heap History (0 events):
No events

Deoptimization events (0 events):
No events

Classes unloaded (0 events):
No events

Classes redefined (0 events):
No events

Internal exceptions (0 events):
No events

VM Operations (0 events):
No events

Events (1 events):
Event: 0.015 Loaded shared library C:\Program Files\Java\jdk-17.0.1\bin\java.dll


Dynamic libraries:
0x00007ff7604a0000 - 0x00007ff7604b0000 	C:\Program Files\Java\jdk-17.0.1\bin\java.exe
0x00007ffc2f4d0000 - 0x00007ffc2f6e4000 	C:\WINDOWS\SYSTEM32\ntdll.dll
0x00007ffc2e560000 - 0x00007ffc2e622000 	C:\WINDOWS\System32\KERNEL32.DLL
0x00007ffc2cc60000 - 0x00007ffc2cffc000 	C:\WINDOWS\System32\KERNELBASE.dll
0x00007ffc2c910000 - 0x00007ffc2ca21000 	C:\WINDOWS\System32\ucrtbase.dll
0x00007ffc16550000 - 0x00007ffc1656a000 	C:\Program Files\Java\jdk-17.0.1\bin\VCRUNTIME140.dll
0x00007ffc16620000 - 0x00007ffc16638000 	C:\Program Files\Java\jdk-17.0.1\bin\jli.dll
0x00007ffc2d9e0000 - 0x00007ffc2da8e000 	C:\WINDOWS\System32\ADVAPI32.dll
0x00007ffc2e060000 - 0x00007ffc2e107000 	C:\WINDOWS\System32\msvcrt.dll
0x00007ffc2d360000 - 0x00007ffc2d404000 	C:\WINDOWS\System32\sechost.dll
0x00007ffc2f370000 - 0x00007ffc2f487000 	C:\WINDOWS\System32\RPCRT4.dll
0x00007ffc2f070000 - 0x00007ffc2f21b000 	C:\WINDOWS\System32\USER32.dll
0x00007ffc2d2b0000 - 0x00007ffc2d2d6000 	C:\WINDOWS\System32\win32u.dll
0x00007ffc2e190000 - 0x00007ffc2e1b9000 	C:\WINDOWS\System32\GDI32.dll
0x00007ffc09ba0000 - 0x00007ffc09e2e000 	C:\WINDOWS\WinSxS\amd64_microsoft.windows.common-controls_6595b64144ccf1df_6.0.22621.608_none_a9444ca7c10bb01d\COMCTL32.dll
0x00007ffc2caa0000 - 0x00007ffc2cbb3000 	C:\WINDOWS\System32\gdi32full.dll
0x00007ffc2cbc0000 - 0x00007ffc2cc5a000 	C:\WINDOWS\System32\msvcp_win.dll
0x00007ffc260c0000 - 0x00007ffc260ca000 	C:\WINDOWS\SYSTEM32\VERSION.dll
0x00007ffc2efa0000 - 0x00007ffc2efd1000 	C:\WINDOWS\System32\IMM32.DLL
0x00007ffc1c260000 - 0x00007ffc1c26c000 	C:\Program Files\Java\jdk-17.0.1\bin\vcruntime140_1.dll
0x00007ffbdf680000 - 0x00007ffbdf70d000 	C:\Program Files\Java\jdk-17.0.1\bin\msvcp140.dll
0x00007ffbbdfd0000 - 0x00007ffbbeb8e000 	C:\Program Files\Java\jdk-17.0.1\bin\server\jvm.dll
0x00007ffc2e630000 - 0x00007ffc2e638000 	C:\WINDOWS\System32\PSAPI.DLL
0x00007ffc25b40000 - 0x00007ffc25b74000 	C:\WINDOWS\SYSTEM32\WINMM.dll
0x00007ffc11980000 - 0x00007ffc11989000 	C:\WINDOWS\SYSTEM32\WSOCK32.dll
0x00007ffc2d6a0000 - 0x00007ffc2d711000 	C:\WINDOWS\System32\WS2_32.dll
0x00007ffc2ba50000 - 0x00007ffc2ba68000 	C:\WINDOWS\SYSTEM32\kernel.appcore.dll
0x00007ffc16d50000 - 0x00007ffc16d5a000 	C:\Program Files\Java\jdk-17.0.1\bin\jimage.dll
0x00007ffc17be0000 - 0x00007ffc17e0e000 	C:\WINDOWS\SYSTEM32\DBGHELP.DLL
0x00007ffc2e1d0000 - 0x00007ffc2e559000 	C:\WINDOWS\System32\combase.dll
0x00007ffc2f220000 - 0x00007ffc2f2f7000 	C:\WINDOWS\System32\OLEAUT32.dll
0x00007ffc0beb0000 - 0x00007ffc0bee2000 	C:\WINDOWS\SYSTEM32\dbgcore.DLL
0x00007ffc2d000000 - 0x00007ffc2d07b000 	C:\WINDOWS\System32\bcryptPrimitives.dll
0x00007ffc1c6a0000 - 0x00007ffc1c6ae000 	C:\Program Files\Java\jdk-17.0.1\bin\instrument.dll
0x00007ffc16480000 - 0x00007ffc164a5000 	C:\Program Files\Java\jdk-17.0.1\bin\java.dll

dbghelp: loaded successfully - version: 4.0.5 - missing functions: none
symbol engine: initialized successfully - sym options: 0x614 - pdb path: .;C:\Program Files\Java\jdk-17.0.1\bin;C:\WINDOWS\SYSTEM32;C:\WINDOWS\WinSxS\amd64_microsoft.windows.common-controls_6595b64144ccf1df_6.0.22621.608_none_a9444ca7c10bb01d;C:\Program Files\Java\jdk-17.0.1\bin\server

VM Arguments:
jvm_args: -XX:TieredStopAtLevel=1 -Dspring.output.ansi.enabled=always -Dcom.sun.management.jmxremote -Dspring.jmx.enabled=true -Dspring.liveBeansView.mbeanDomain -Dspring.application.admin.enabled=true -Dmanagement.endpoints.jmx.exposure.include=* -javaagent:C:\Program Files\JetBrains\IntelliJ IDEA 2022.3.2\lib\idea_rt.jar=63770:C:\Program Files\JetBrains\IntelliJ IDEA 2022.3.2\bin -Dfile.encoding=UTF-8 
java_command: com.esprit.pidev.PidevApplication
java_class_path (initial): C:\Users\aroua\Documents\HealthyBiteBack\target\classes;C:\Users\aroua\.m2\repository\org\springframework\boot\spring-boot-starter-data-jpa\2.7.10\spring-boot-starter-data-jpa-2.7.10.jar;C:\Users\aroua\.m2\repository\org\springframework\boot\spring-boot-starter-aop\2.7.10\spring-boot-starter-aop-2.7.10.jar;C:\Users\aroua\.m2\repository\org\aspectj\aspectjweaver\1.9.7\aspectjweaver-1.9.7.jar;C:\Users\aroua\.m2\repository\org\springframework\boot\spring-boot-starter-jdbc\2.7.10\spring-boot-starter-jdbc-2.7.10.jar;C:\Users\aroua\.m2\repository\com\zaxxer\HikariCP\4.0.3\HikariCP-4.0.3.jar;C:\Users\aroua\.m2\repository\org\springframework\spring-jdbc\5.3.26\spring-jdbc-5.3.26.jar;C:\Users\aroua\.m2\repository\jakarta\transaction\jakarta.transaction-api\1.3.3\jakarta.transaction-api-1.3.3.jar;C:\Users\aroua\.m2\repository\jakarta\persistence\jakarta.persistence-api\2.2.3\jakarta.persistence-api-2.2.3.jar;C:\Users\aroua\.m2\repository\org\hibernate\hibernate-core\5.6.15.Final\hibernate-core-5.6.15.Final.jar;C:\Users\aroua\.m2\repository\org\jboss\logging\jboss-logging\3.4.3.Final\jboss-logging-3.4.3.Final.jar;C:\Users\aroua\.m2\repository\net\bytebuddy\byte-buddy\1.12.23\byte-buddy-1.12.23.jar;C:\Users\aroua\.m2\repository\antlr\antlr\2.7.7\antlr-2.7.7.jar;C:\Users\aroua\.m2\repository\org\jboss\jandex\2.4.2.Final\jandex-2.4.2.Final.jar;C:\Users\aroua\.m2\repository\com\fasterxml\classmate\1.5.1\classmate-1.5.1.jar;C:\Users\aroua\.m2\repository\org\hibernate\common\hibernate-commons-annotations\5.1.2.Final\hibernate-commons-annotations-5.1.2.Final.jar;C:\Users\aroua\.m2\repository\org\glassfish\jaxb\jaxb-runtime\2.3.8\jaxb-runtime-2.3.8.jar;C:\Users\aroua\.m2\repository\org\glassfish\jaxb\txw2\2.3.8\txw2-2.3.8.jar;C:\Users\aroua\.m2\repository\com\sun\istack\istack-commons-runtime\3.0.12\istack-commons-runtime-3.0.12.jar;C:\Users\aroua\.m2\repository\org\springframework\data\spring-data-jpa\2.7.10\spring-data-jpa-2.7.10.jar;C:\Users\aroua\.m2\r
Launcher Type: SUN_STANDARD

[Global flags]
     intx CICompilerCount                          = 4                                         {product} {ergonomic}
     uint ConcGCThreads                            = 2                                         {product} {ergonomic}
     uint G1ConcRefinementThreads                  = 8                                         {product} {ergonomic}
   size_t G1HeapRegionSize                         = 1048576                                   {product} {ergonomic}
    uintx GCDrainStackTargetSize                   = 64                                        {product} {ergonomic}
   size_t InitialHeapSize                          = 132120576                                 {product} {ergonomic}
     bool ManagementServer                         = true                                      {product} {command line}
   size_t MarkStackSize                            = 4194304                                   {product} {ergonomic}
   size_t MaxHeapSize                              = 2101346304                                {product} {ergonomic}
   size_t MinHeapDeltaBytes                        = 1048576                                   {product} {ergonomic}
   size_t MinHeapSize                              = 8388608                                   {product} {ergonomic}
    uintx NonProfiledCodeHeapSize                  = 0                                      {pd product} {ergonomic}
     bool ProfileInterpreter                       = false                                  {pd product} {command line}
    uintx ProfiledCodeHeapSize                     = 0                                      {pd product} {ergonomic}
   size_t SoftMaxHeapSize                          = 2101346304                             {manageable} {ergonomic}
     intx TieredStopAtLevel                        = 1                                         {product} {command line}
     bool UseCompressedClassPointers               = true                           {product lp64_product} {ergonomic}
     bool UseCompressedOops                        = true                           {product lp64_product} {ergonomic}
     bool UseG1GC                                  = true                                      {product} {ergonomic}
     bool UseLargePagesIndividualAllocation        = false                                  {pd product} {ergonomic}

Logging:
Log output configuration:
 #0: stdout all=warning uptime,level,tags
 #1: stderr all=off uptime,level,tags

Environment Variables:
PATH=C:\Program Files (x86)\VMware\VMware Workstation\bin\;C:\app\aroua\product\18.0.0\dbhomeXE\bin;C:\xampp1\php;C:\ProgramData\ComposerSetup\bin;C:\Program Files\NVIDIA Corporation\NVIDIA NvDLISR;C:\Program Files\dotnet\;C:\WINDOWS\system32;C:\WINDOWS;C:\WINDOWS\System32\Wbem;C:\WINDOWS\System32\WindowsPowerShell\v1.0\;C:\WINDOWS\System32\OpenSSH\;C:\Program Files (x86)\dotnet\;C:\Program Files (x86)\PuTTY\;C:\Program Files\Microsoft SQL Server\150\Tools\Binn\;C:\Program Files\Microsoft SQL Server\Client SDK\ODBC\170\Tools\Binn\;C:\Program Files\Git\cmd;C:\Program Files\GitHub CLI\;C:\Program Files\nodejs\;C:\Users\aroua\AppData\Local\Microsoft\WindowsApps;C:\Users\aroua\AppData\Local\Programs\Microsoft VS Code\bin;C:\Users\aroua\AppData\Roaming\Composer\vendor\bin;C:\Users\aroua\AppData\Local\GitHubDesktop\bin;;C:\Program Files\JetBrains\IntelliJ IDEA 2022.3.2\bin;;C:\Users\aroua\.dotnet\tools;C:\Users\aroua\AppData\Roaming\npm
USERNAME=aroua
OS=Windows_NT
PROCESSOR_IDENTIFIER=Intel64 Family 6 Model 165 Stepping 2, GenuineIntel



---------------  S Y S T E M  ---------------

OS:
 Windows 10 , 64 bit Build 22621 (10.0.22621.1485)
OS uptime: 0 days 1:37 hours

CPU: total 8 (initial active 8) (4 cores per cpu, 2 threads per core) family 6 model 165 stepping 2 microcode 0xe0, cx8, cmov, fxsr, ht, mmx, 3dnowpref, sse, sse2, sse3, ssse3, sse4.1, sse4.2, popcnt, lzcnt, tsc, tscinvbit, avx, avx2, aes, erms, clmul, bmi1, bmi2, adx, fma, vzeroupper, clflush, clflushopt

Memory: 4k page, system-wide physical 8013M (491M free)
TotalPageFile size 16205M (AvailPageFile size 77M)
current process WorkingSet (physical memory assigned to process): 11M, peak: 11M
current process commit charge ("private bytes"): 55M, peak: 181M

vm_info: Java HotSpot(TM) 64-Bit Server VM (17.0.1+12-LTS-39) for windows-amd64 JRE (17.0.1+12-LTS-39), built on Sep 27 2021 18:41:35 by "mach5one" with MS VC++ 16.8 (VS2019)

END.
